<?xml version="1.0" encoding="UTF-8"?>
<testng-results skipped="0" failed="0" total="1" passed="1">
  <reporter-output>
  </reporter-output>
  <suite name="Suite" duration-ms="52874" started-at="2019-11-02T06:11:06Z" finished-at="2019-11-02T06:11:58Z">
    <groups>
    </groups>
    <test name="Test" duration-ms="52874" started-at="2019-11-02T06:11:06Z" finished-at="2019-11-02T06:11:58Z">
      <class name="scripts.Acti_test">
        <test-method status="PASS" signature="openappln()[pri:0, instance:scripts.Acti_test@29ee9faa]" name="openappln" is-config="true" duration-ms="9340" started-at="2019-11-02T11:41:06Z" finished-at="2019-11-02T11:41:15Z">
          <reporter-output>
          </reporter-output>
        </test-method> <!-- openappln -->
        <test-method status="PASS" signature="login()[pri:0, instance:scripts.Acti_test@29ee9faa]" name="login" duration-ms="40389" started-at="2019-11-02T11:41:15Z" finished-at="2019-11-02T11:41:55Z">
          <reporter-output>
          </reporter-output>
        </test-method> <!-- login -->
        <test-method status="PASS" signature="closeappln()[pri:0, instance:scripts.Acti_test@29ee9faa]" name="closeappln" is-config="true" duration-ms="3129" started-at="2019-11-02T11:41:55Z" finished-at="2019-11-02T11:41:58Z">
          <reporter-output>
          </reporter-output>
        </test-method> <!-- closeappln -->
      </class> <!-- scripts.Acti_test -->
    </test> <!-- Test -->
  </suite> <!-- Suite -->
</testng-results>
